# JRE version: OpenJDK Runtime Environment (11.0.4+11) (build 11.0.4+11-post-Ubuntu-1ubuntu218.04.3)
# Java VM: OpenJDK 64-Bit Server VM (11.0.4+11-post-Ubuntu-1ubuntu218.04.3, mixed mode, sharing, tiered, compressed oops, g1 gc, linux-amd64)
Heap:
 garbage-first heap   total 409600K, used 219087K [0x00000000e3600000, 0x0000000100000000)
  region size 1024K, 2 young (2048K), 2 survivors (2048K)
 Metaspace       used 5284K, capacity 7983K, committed 8192K, reserved 1056768K
  class space    used 442K, capacity 729K, committed 768K, reserved 1048576K
GC Heap History (10 events):
Event: 96.918 GC heap after
{Heap after GC invocations=67 (full 0):
 garbage-first heap   total 382976K, used 222544K [0x00000000e3600000, 0x0000000100000000)
  region size 1024K, 3 young (3072K), 3 survivors (3072K)
 Metaspace       used 5278K, capacity 7983K, committed 8192K, reserved 1056768K
  class space    used 442K, capacity 729K, committed 768K, reserved 1048576K
}
Event: 100.600 GC heap before
{Heap before GC invocations=67 (full 0):
 garbage-first heap   total 382976K, used 234832K [0x00000000e3600000, 0x0000000100000000)
  region size 1024K, 18 young (18432K), 3 survivors (3072K)
 Metaspace       used 5278K, capacity 7983K, committed 8192K, reserved 1056768K
  class space    used 442K, capacity 729K, committed 768K, reserved 1048576K
}
Event: 101.138 GC heap after
{Heap after GC invocations=68 (full 0):
 garbage-first heap   total 382976K, used 222111K [0x00000000e3600000, 0x0000000100000000)
  region size 1024K, 3 young (3072K), 3 survivors (3072K)
 Metaspace       used 5278K, capacity 7983K, committed 8192K, reserved 1056768K
  class space    used 442K, capacity 729K, committed 768K, reserved 1048576K
}
Event: 105.627 GC heap before
{Heap before GC invocations=69 (full 0):
 garbage-first heap   total 382976K, used 237471K [0x00000000e3600000, 0x0000000100000000)
  region size 1024K, 18 young (18432K), 3 survivors (3072K)
 Metaspace       used 5280K, capacity 7983K, committed 8192K, reserved 1056768K
  class space    used 442K, capacity 729K, committed 768K, reserved 1048576K
}
Event: 108.495 GC heap after
{Heap after GC invocations=70 (full 0):
 garbage-first heap   total 382976K, used 223352K [0x00000000e3600000, 0x0000000100000000)
  region size 1024K, 1 young (1024K), 1 survivors (1024K)
 Metaspace       used 5280K, capacity 7983K, committed 8192K, reserved 1056768K
  class space    used 442K, capacity 729K, committed 768K, reserved 1048576K
}
Event: 114.997 GC heap before
{Heap before GC invocations=70 (full 0):
 garbage-first heap   total 382976K, used 240760K [0x00000000e3600000, 0x0000000100000000)
  region size 1024K, 18 young (18432K), 1 survivors (1024K)
 Metaspace       used 5282K, capacity 7983K, committed 8192K, reserved 1056768K
  class space    used 442K, capacity 729K, committed 768K, reserved 1048576K
}
Event: 117.238 GC heap after
{Heap after GC invocations=71 (full 0):
 garbage-first heap   total 382976K, used 220908K [0x00000000e3600000, 0x0000000100000000)
  region size 1024K, 3 young (3072K), 3 survivors (3072K)
 Metaspace       used 5282K, capacity 7983K, committed 8192K, reserved 1056768K
  class space    used 442K, capacity 729K, committed 768K, reserved 1048576K
}
Event: 120.079 GC heap before
{Heap before GC invocations=71 (full 0):
 garbage-first heap   total 382976K, used 236268K [0x00000000e3600000, 0x0000000100000000)
  region size 1024K, 18 young (18432K), 3 survivors (3072K)
 Metaspace       used 5282K, capacity 7983K, committed 8192K, reserved 1056768K
  class space    used 442K, capacity 729K, committed 768K, reserved 1048576K
}
Event: 122.295 GC heap after
{Heap after GC invocations=72 (full 0):
 garbage-first heap   total 382976K, used 221695K [0x00000000e3600000, 0x0000000100000000)
  region size 1024K, 2 young (2048K), 2 survivors (2048K)
 Metaspace       used 5282K, capacity 7983K, committed 8192K, reserved 1056768K
  class space    used 442K, capacity 729K, committed 768K, reserved 1048576K
}
Event: 169.475 GC heap before
{Heap before GC invocations=73 (full 0):
 garbage-first heap   total 382976K, used 235007K [0x00000000e3600000, 0x0000000100000000)
  region size 1024K, 18 young (18432K), 2 survivors (2048K)
 Metaspace       used 5284K, capacity 7983K, committed 8192K, reserved 1056768K
  class space    used 442K, capacity 729K, committed 768K, reserved 1048576K
}

